<?xml version="1.0" encoding="UTF-8"?>
<!-- Generated by org.testng.reporters.JUnitReportReporter -->
<testsuite hostname="IN-7714GK3" failures="0" tests="4" name="api.test.UserTestCases2" time="7.577" errors="0" timestamp="2024-08-12T13:18:37 IST" skipped="0">
  <testcase classname="api.test.UserTestCases2" name="testPostUser" time="3.202"/>
  <testcase classname="api.test.UserTestCases2" name="testGetUserByName" time="1.112"/>
  <testcase classname="api.test.UserTestCases2" name="testUpdateUserByName" time="2.177"/>
  <testcase classname="api.test.UserTestCases2" name="testDeleteUserByName" time="1.086"/>
</testsuite> <!-- api.test.UserTestCases2 -->
