<?xml version="1.0" encoding="UTF-8"?>
<!-- Generated by org.testng.reporters.JUnitReportReporter -->
<testsuite hostname="IN-7714GK3" failures="0" tests="4" name="api.test.UserTestCases" time="8.867" errors="0" timestamp="2024-08-05T17:02:55 IST" skipped="0">
  <testcase classname="api.test.UserTestCases" name="testPostUser" time="3.180"/>
  <testcase classname="api.test.UserTestCases" name="testGetUserByName" time="1.394"/>
  <testcase classname="api.test.UserTestCases" name="testUpdateUserByName" time="2.757"/>
  <testcase classname="api.test.UserTestCases" name="testDeleteUserByName" time="1.536"/>
</testsuite> <!-- api.test.UserTestCases -->
